<?xml version="1.0" encoding="UTF-8" ?>
<testsuite tests="6" failures="0" name="es.upm.miw.forge.ecp2.DecimalCollectionTest" time="0.036" errors="0" skipped="0">
  <properties>
[...]
</properties>
  <testcase classname="es.upm.miw.forge.ecp2.DecimalCollectionTest" name="testAdd" time="0.008"/>
  <testcase classname="es.upm.miw.forge.ecp2.DecimalCollectionTest" name="testSum" time="0.001"/>
  <testcase classname="es.upm.miw.forge.ecp2.DecimalCollectionTest" name="testDecimalCollection" time="0.001"/>
  <testcase classname="es.upm.miw.forge.ecp2.DecimalCollectionTest" name="testHigherArithmeticExceptionIfEmpty" time="0.026"/>
  <testcase classname="es.upm.miw.forge.ecp2.DecimalCollectionTest" name="testSumArithmeticExceptionIfEmpty" time="0"/>
  <testcase classname="es.upm.miw.forge.ecp2.DecimalCollectionTest" name="testHigher" time="0"/>
</testsuite>